[debug] [2020-11-22T21:49:39.805Z] ----------------------------------------------------------------------
[debug] [2020-11-22T21:49:39.807Z] Command:       C:\Program Files\nodejs\node.exe C:\Users\matias\AppData\Roaming\npm\node_modules\firebase-tools\lib\bin\firebase.js serve --only hosting
[debug] [2020-11-22T21:49:39.808Z] CLI Version:   8.2.0
[debug] [2020-11-22T21:49:39.808Z] Platform:      win32
[debug] [2020-11-22T21:49:39.808Z] Node Version:  v10.15.1
[debug] [2020-11-22T21:49:39.809Z] Time:          Sun Nov 22 2020 18:49:39 GMT-0300 (GMT-03:00)
[debug] [2020-11-22T21:49:39.810Z] ----------------------------------------------------------------------
[debug] [2020-11-22T21:49:39.810Z] 
[debug] [2020-11-22T21:49:39.820Z] > command requires scopes: ["email","openid","https://www.googleapis.com/auth/cloudplatformprojects.readonly","https://www.googleapis.com/auth/firebase","https://www.googleapis.com/auth/cloud-platform"]
[debug] [2020-11-22T21:49:39.821Z] > authorizing via signed-in user
[debug] [2020-11-22T21:49:39.821Z] [iam] checking project changapp-1ef52 for permissions ["firebase.projects.get"]
[debug] [2020-11-22T21:49:39.824Z] >>> HTTP REQUEST POST https://cloudresourcemanager.googleapis.com/v1/projects/changapp-1ef52:testIamPermissions  
 {"permissions":["firebase.projects.get"]}
[debug] [2020-11-22T21:49:40.967Z] <<< HTTP RESPONSE 200 {"content-type":"application/json; charset=UTF-8","vary":"X-Origin, Referer, Origin,Accept-Encoding","date":"Sun, 22 Nov 2020 21:49:41 GMT","server":"ESF","cache-control":"private","x-xss-protection":"0","x-frame-options":"SAMEORIGIN","x-content-type-options":"nosniff","server-timing":"gfet4t7; dur=984","alt-svc":"h3-29=\":443\"; ma=2592000,h3-T051=\":443\"; ma=2592000,h3-Q050=\":443\"; ma=2592000,h3-Q046=\":443\"; ma=2592000,h3-Q043=\":443\"; ma=2592000,quic=\":443\"; ma=2592000; v=\"46,43\"","accept-ranges":"none","transfer-encoding":"chunked"}
[debug] [2020-11-22T21:49:40.968Z] >>> HTTP REQUEST GET https://firebase.googleapis.com/v1beta1/projects/changapp-1ef52  
 
[debug] [2020-11-22T21:49:41.976Z] <<< HTTP RESPONSE 200 {"content-type":"application/json; charset=UTF-8","vary":"X-Origin, Referer, Origin,Accept-Encoding","date":"Sun, 22 Nov 2020 21:49:42 GMT","server":"ESF","cache-control":"private","x-xss-protection":"0","x-frame-options":"SAMEORIGIN","x-content-type-options":"nosniff","alt-svc":"h3-29=\":443\"; ma=2592000,h3-T051=\":443\"; ma=2592000,h3-Q050=\":443\"; ma=2592000,h3-Q046=\":443\"; ma=2592000,h3-Q043=\":443\"; ma=2592000,quic=\":443\"; ma=2592000; v=\"46,43\"","accept-ranges":"none","transfer-encoding":"chunked"}
[debug] [2020-11-22T21:49:41.978Z] >>> HTTP REQUEST GET https://firebase.googleapis.com/v1beta1/projects/changapp-1ef52/webApps/-/config  
 
[debug] [2020-11-22T21:49:43.257Z] <<< HTTP RESPONSE 200 {"content-type":"application/json; charset=UTF-8","vary":"X-Origin, Referer, Origin,Accept-Encoding","date":"Sun, 22 Nov 2020 21:49:43 GMT","server":"ESF","cache-control":"private","x-xss-protection":"0","x-frame-options":"SAMEORIGIN","x-content-type-options":"nosniff","alt-svc":"h3-29=\":443\"; ma=2592000,h3-T051=\":443\"; ma=2592000,h3-Q050=\":443\"; ma=2592000,h3-Q046=\":443\"; ma=2592000,h3-Q043=\":443\"; ma=2592000,quic=\":443\"; ma=2592000; v=\"46,43\"","accept-ranges":"none","transfer-encoding":"chunked"}
[info] i  hosting: Serving hosting files from: public
[info] +  hosting: Local server: http://localhost:5000
